<?xml version="1.0" encoding="UTF-8"?>
<testsuite xmlns:xsi="http://www.w3.org/2001/XMLSchema-instance" xsi:noNamespaceSchemaLocation="https://maven.apache.org/surefire/maven-surefire-plugin/xsd/surefire-test-report-3.0.xsd" version="3.0" name="com.LLoyds.cucumber.runner.RunCucumberTest" time="4.566" tests="5" errors="0" skipped="0" failures="0">
  <properties>
[...]
</properties>
  <testcase name="Given I want to set URL as &quot;/api/users?page=2&quot; for test case &quot;Demo test&quot;" classname="| Demo test | /api/users?page=2 | application/json |  | GET | 200 |" time="0.001"/>
  <testcase name="When I set header content type as &quot;application/json&quot;" classname="| Demo test | /api/users?page=2 | application/json |  | GET | 200 |" time="0"/>
  <testcase name="When I hit the API with requestbody &quot;&quot; and request method is &quot;GET&quot;" classname="| Demo test | /api/users?page=2 | application/json |  | GET | 200 |" time="0"/>
  <testcase name="Then I try to verify the status code is &quot;200&quot;" classname="| Demo test | /api/users?page=2 | application/json |  | GET | 200 |" time="0"/>
  <testcase name="| Demo test | /api/users?page=2 | application/json |  | GET | 200 |" classname="| Demo test | /api/users?page=2 | application/json |  | GET | 200 |" time="0.003"/>
</testsuite>